  algorithm.cpp
c1xx : fatal error C1083: 无法打开源文件: “..\..\src\algorithm\algorithm.cpp”: No such file or directory
  edge_detection.cpp
c1xx : fatal error C1083: 无法打开源文件: “..\..\src\algorithm\edge_detection.cpp”: No such file or directory
  interpolation.cpp
c1xx : fatal error C1083: 无法打开源文件: “..\..\src\algorithm\interpolation.cpp”: No such file or directory
  spatial_filter.cpp
c1xx : fatal error C1083: 无法打开源文件: “..\..\src\algorithm\spatial_filter.cpp”: No such file or directory
  common.cpp
z:\yanglin\opendip\include\common.h : warning C4819: 该文件包含不能在当前代码页(936)中表示的字符。请将该文件保存为 Unicode 格式以防止数据丢失
z:\yanglin\opendip\include\image.h : warning C4819: 该文件包含不能在当前代码页(936)中表示的字符。请将该文件保存为 Unicode 格式以防止数据丢失
z:\yanglin\opendip\src\common\common.cpp(157): warning C4267: “=”: 从“size_t”转换到“unsigned char”，可能丢失数据
  image.cpp
z:\yanglin\opendip\include\image.h : warning C4819: 该文件包含不能在当前代码页(936)中表示的字符。请将该文件保存为 Unicode 格式以防止数据丢失
z:\yanglin\opendip\include\common.h : warning C4819: 该文件包含不能在当前代码页(936)中表示的字符。请将该文件保存为 Unicode 格式以防止数据丢失
  unit_tests.cpp
z:\yanglin\opendip\unit_tests\unit_tests.cpp : warning C4819: 该文件包含不能在当前代码页(936)中表示的字符。请将该文件保存为 Unicode 格式以防止数据丢失
z:\yanglin\opendip\include\common.h : warning C4819: 该文件包含不能在当前代码页(936)中表示的字符。请将该文件保存为 Unicode 格式以防止数据丢失
z:\yanglin\opendip\include\image.h : warning C4819: 该文件包含不能在当前代码页(936)中表示的字符。请将该文件保存为 Unicode 格式以防止数据丢失
z:\yanglin\opendip\include\algorithm.h : warning C4819: 该文件包含不能在当前代码页(936)中表示的字符。请将该文件保存为 Unicode 格式以防止数据丢失
z:\yanglin\opendip\3rd_party\catch2\catch2.h(3243): warning C4819: 该文件包含不能在当前代码页(936)中表示的字符。请将该文件保存为 Unicode 格式以防止数据丢失
  正在生成代码...
